Server Configuration Details:
-----------------------------
Listen Port: 7000
Host: 127.0.0.1
Server Name: test
Error Page: 404
Client Max Body Size: 1024 bytes
Root Directory: ./
Default Index: index.html

Location Configurations:
----------------------
Location Path: /
  Root: ./
  Autoindex: Off
  Allowed Methods: GET 
  Index: index.html
  Return Path: 
  Alias: 
  CGI Path: 
  CGI Extensions: 

Location Path: /cgi-bin/
  Root: ./
  Autoindex: Off
  Allowed Methods: GET 
  Index: 
  Return Path: 
  Alias: 
  CGI Path: /usr/bin/python3 /bin/bash 
  CGI Extensions: .py .sh 

Location Path: /forbidden
  Root: ./
  Autoindex: Off
  Allowed Methods: NONE 
  Index: 
  Return Path: 
  Alias: 
  CGI Path: 
  CGI Extensions: 

Location Path: /postallowed/
  Root: ./
  Autoindex: Off
  Allowed Methods: GET POST 
  Index: 
  Return Path: 
  Alias: 
  CGI Path: /usr/bin/python3 /bin/bash 
  CGI Extensions: .py .sh 

[1;32m
███████╗███████╗██████╗ ██╗   ██╗███████╗██████╗     ██████╗ ███████╗ █████╗ ██████╗ ██╗   ██╗
██╔════╝██╔════╝██╔══██╗██║   ██║██╔════╝██╔══██╗    ██╔══██╗██╔════╝██╔══██╗██╔══██╗╚██╗ ██╔╝
███████╗█████╗  ██████╔╝██║   ██║█████╗  ██████╔╝    ██████╔╝█████╗  ███████║██║  ██║ ╚████╔╝ 
╚════██║██╔══╝  ██╔══██╗╚██╗ ██╔╝██╔══╝  ██╔══██╗    ██╔══██╗██╔══╝  ██╔══██║██║  ██║  ╚██╔╝  
███████║███████╗██║  ██║ ╚████╔╝ ███████╗██║  ██║    ██║  ██║███████╗██║  ██║██████╔╝   ██║   
╚══════╝╚══════╝╚═╝  ╚═╝  ╚═══╝  ╚══════╝╚═╝  ╚═╝    ╚═╝  ╚═╝╚══════╝╚═╝  ╚═╝╚═════╝    ╚═╝   
[0m

New client connected.
[DEBUG] Starting to read request...
[DEBUG] Received 180 bytes
[DEBUG] Current request:
POST /postallowed/ HTTP/1.1
Host: 127.0.0.1:7000
User-Agent: curl/7.81.0
Accept: */*
Content-Length: 20
Content-Type: application/x-www-form-urlencoded

message=Hello World!
[END REQUEST]
[DEBUG] Found end of headers at position 156
[DEBUG] Content-Length: 20
[DEBUG] Current body length: 20
[DEBUG] Got complete body
[DEBUG] Creating HTTPRequest...
[DEBUG] Read body: message=Hello World!
[DEBUG] Created HTTPRequest
[DEBUG] Method: POST
[DEBUG] URI: /postallowed/
[DEBUG] Body: message=Hello World!
[DEBUG] Handling request for URI: /postallowed/
[DEBUG] Method: POST
[DEBUG] Location found: /postallowed/
[DEBUG] Root: ./
[DEBUG] Full path: ./postallowed/
[DEBUG] POST request body: message=Hello World!
[DEBUG] Creating file at: ./postallowed/post_1739923263.txt
[DEBUG] Parent directory: ./postallowed
[DEBUG] Opening file for writing: ./postallowed/post_1739923263.txt
[DEBUG] File written successfully
[DEBUG] Starting to read request...
Client disconnected
New client connected.
[DEBUG] Starting to read request...
[DEBUG] Received 168 bytes
[DEBUG] Current request:
POST /postallowed/ HTTP/1.1
Host: 127.0.0.1:7000
User-Agent: curl/7.81.0
Accept: */*
Content-Length: 9
Content-Type: application/x-www-form-urlencoded

test=data
[END REQUEST]
[DEBUG] Found end of headers at position 155
[DEBUG] Content-Length: 9
[DEBUG] Current body length: 9
[DEBUG] Got complete body
[DEBUG] Creating HTTPRequest...
[DEBUG] Read body: test=data
[DEBUG] Created HTTPRequest
[DEBUG] Method: POST
[DEBUG] URI: /postallowed/
[DEBUG] Body: test=data
[DEBUG] Handling request for URI: /postallowed/
[DEBUG] Method: POST
[DEBUG] Location found: /postallowed/
[DEBUG] Root: ./
[DEBUG] Full path: ./postallowed/
[DEBUG] POST request body: test=data
[DEBUG] Creating file at: ./postallowed/post_1739923344.txt
[DEBUG] Parent directory: ./postallowed
[DEBUG] Opening file for writing: ./postallowed/post_1739923344.txt
[DEBUG] File written successfully
[DEBUG] Starting to read request...
Client disconnected
New client connected.
[DEBUG] Starting to read request...
[DEBUG] Received 179 bytes
[DEBUG] Current request:
POST /postallowed/ HTTP/1.1
Host: 127.0.0.1:7000
User-Agent: curl/7.81.0
Accept: */*
Content-Length: 19
Content-Type: application/x-www-form-urlencoded

message=Hello World
[END REQUEST]
[DEBUG] Found end of headers at position 156
[DEBUG] Content-Length: 19
[DEBUG] Current body length: 19
[DEBUG] Got complete body
[DEBUG] Creating HTTPRequest...
[DEBUG] Read body: message=Hello World
[DEBUG] Created HTTPRequest
[DEBUG] Method: POST
[DEBUG] URI: /postallowed/
[DEBUG] Body: message=Hello World
[DEBUG] Handling request for URI: /postallowed/
[DEBUG] Method: POST
[DEBUG] Location found: /postallowed/
[DEBUG] Root: ./
[DEBUG] Full path: ./postallowed/
[DEBUG] POST request body: message=Hello World
[DEBUG] Creating file at: ./postallowed/post_1739923350.txt
[DEBUG] Parent directory: ./postallowed
[DEBUG] Opening file for writing: ./postallowed/post_1739923350.txt
[DEBUG] File written successfully
[DEBUG] Starting to read request...
Client disconnected
New client connected.
[DEBUG] Starting to read request...
[DEBUG] Received 181 bytes
[DEBUG] Current request:
POST /postallowed/ HTTP/1.1
Host: 127.0.0.1:7000
User-Agent: curl/7.81.0
Accept: */*
Content-Length: 21
Content-Type: application/x-www-form-urlencoded

data=Special@#$%^&*()
[END REQUEST]
[DEBUG] Found end of headers at position 156
[DEBUG] Content-Length: 21
[DEBUG] Current body length: 21
[DEBUG] Got complete body
[DEBUG] Creating HTTPRequest...
[DEBUG] Read body: data=Special@#$%^&*()
[DEBUG] Created HTTPRequest
[DEBUG] Method: POST
[DEBUG] URI: /postallowed/
[DEBUG] Body: data=Special@#$%^&*()
[DEBUG] Handling request for URI: /postallowed/
[DEBUG] Method: POST
[DEBUG] Location found: /postallowed/
[DEBUG] Root: ./
[DEBUG] Full path: ./postallowed/
[DEBUG] POST request body: data=Special@#$%^&*()
[DEBUG] Creating file at: ./postallowed/post_1739923358.txt
[DEBUG] Parent directory: ./postallowed
[DEBUG] Opening file for writing: ./postallowed/post_1739923358.txt
[DEBUG] File written successfully
[DEBUG] Starting to read request...
Client disconnected
New client connected.
[DEBUG] Starting to read request...
[DEBUG] Received 176 bytes
[DEBUG] Current request:
POST /postallowed/ HTTP/1.1
Host: 127.0.0.1:7000
User-Agent: curl/7.81.0
Accept: */*
Content-Length: 16
Content-Type: application/x-www-form-urlencoded

test=simple_data
[END REQUEST]
[DEBUG] Found end of headers at position 156
[DEBUG] Content-Length: 16
[DEBUG] Current body length: 16
[DEBUG] Got complete body
[DEBUG] Creating HTTPRequest...
[DEBUG] Read body: test=simple_data
[DEBUG] Created HTTPRequest
[DEBUG] Method: POST
[DEBUG] URI: /postallowed/
[DEBUG] Body: test=simple_data
[DEBUG] Handling request for URI: /postallowed/
[DEBUG] Method: POST
[DEBUG] Location found: /postallowed/
[DEBUG] Root: ./
[DEBUG] Full path: ./postallowed/
[DEBUG] POST request body: test=simple_data
[DEBUG] Creating file at: ./postallowed/post_1739923396.txt
[DEBUG] Parent directory: ./postallowed
[DEBUG] Opening file for writing: ./postallowed/post_1739923396.txt
[DEBUG] File written successfully
[DEBUG] Starting to read request...
Client disconnected
New client connected.
[DEBUG] Starting to read request...
[DEBUG] Received 166 bytes
[DEBUG] Current request:
POST /forbidden/ HTTP/1.1
Host: 127.0.0.1:7000
User-Agent: curl/7.81.0
Accept: */*
Content-Length: 9
Content-Type: application/x-www-form-urlencoded

test=data
[END REQUEST]
[DEBUG] Found end of headers at position 153
[DEBUG] Content-Length: 9
[DEBUG] Current body length: 9
[DEBUG] Got complete body
[DEBUG] Creating HTTPRequest...
[DEBUG] Read body: test=data
[DEBUG] Created HTTPRequest
[DEBUG] Method: POST
[DEBUG] URI: /forbidden/
[DEBUG] Body: test=data
[DEBUG] Handling request for URI: /forbidden/
[DEBUG] Method: POST
[DEBUG] Starting to read request...
Client disconnected
New client connected.
[DEBUG] Starting to read request...
[DEBUG] Received 186 bytes
[DEBUG] Current request:
POST /postallowed/ HTTP/1.1
Host: 127.0.0.1:7000
User-Agent: curl/7.81.0
Accept: */*
Content-Length: 26
Content-Type: application/x-www-form-urlencoded

message=Hello World! @#$%^
[END REQUEST]
[DEBUG] Found end of headers at position 156
[DEBUG] Content-Length: 26
[DEBUG] Current body length: 26
[DEBUG] Got complete body
[DEBUG] Creating HTTPRequest...
[DEBUG] Read body: message=Hello World! @#$%^
[DEBUG] Created HTTPRequest
[DEBUG] Method: POST
[DEBUG] URI: /postallowed/
[DEBUG] Body: message=Hello World! @#$%^
[DEBUG] Handling request for URI: /postallowed/
[DEBUG] Method: POST
[DEBUG] Location found: /postallowed/
[DEBUG] Root: ./
[DEBUG] Full path: ./postallowed/
[DEBUG] POST request body: message=Hello World! @#$%^
[DEBUG] Creating file at: ./postallowed/post_1739923421.txt
[DEBUG] Parent directory: ./postallowed
[DEBUG] Opening file for writing: ./postallowed/post_1739923421.txt
[DEBUG] File written successfully
[DEBUG] Starting to read request...
Client disconnected
New client connected.
[DEBUG] Starting to read request...
[DEBUG] Received 168 bytes
[DEBUG] Current request:
POST /nonexistent/ HTTP/1.1
Host: 127.0.0.1:7000
User-Agent: curl/7.81.0
Accept: */*
Content-Length: 9
Content-Type: application/x-www-form-urlencoded

test=data
[END REQUEST]
[DEBUG] Found end of headers at position 155
[DEBUG] Content-Length: 9
[DEBUG] Current body length: 9
[DEBUG] Got complete body
[DEBUG] Creating HTTPRequest...
[DEBUG] Read body: test=data
[DEBUG] Created HTTPRequest
[DEBUG] Method: POST
[DEBUG] URI: /nonexistent/
[DEBUG] Body: test=data
[DEBUG] Handling request for URI: /nonexistent/
[DEBUG] Method: POST
[DEBUG] Starting to read request...
Client disconnected
New client connected.
[DEBUG] Starting to read request...
[DEBUG] Received 187 bytes
[DEBUG] Current request:
POST /postallowed/ HTTP/1.1
Host: 127.0.0.1:7000
User-Agent: curl/7.81.0
Accept: */*
Content-Length: 27
Content-Type: application/x-www-form-urlencoded

name=John&age=25&city=Paris
[END REQUEST]
[DEBUG] Found end of headers at position 156
[DEBUG] Content-Length: 27
[DEBUG] Current body length: 27
[DEBUG] Got complete body
[DEBUG] Creating HTTPRequest...
[DEBUG] Read body: name=John&age=25&city=Paris
[DEBUG] Created HTTPRequest
[DEBUG] Method: POST
[DEBUG] URI: /postallowed/
[DEBUG] Body: name=John&age=25&city=Paris
[DEBUG] Handling request for URI: /postallowed/
[DEBUG] Method: POST
[DEBUG] Location found: /postallowed/
[DEBUG] Root: ./
[DEBUG] Full path: ./postallowed/
[DEBUG] POST request body: name=John&age=25&city=Paris
[DEBUG] Creating file at: ./postallowed/post_1739923444.txt
[DEBUG] Parent directory: ./postallowed
[DEBUG] Opening file for writing: ./postallowed/post_1739923444.txt
[DEBUG] File written successfully
[DEBUG] Starting to read request...
Client disconnected
New client connected.
[DEBUG] Starting to read request...
[DEBUG] Received 156 bytes
[DEBUG] Current request:
POST / HTTP/1.1
Host: 127.0.0.1:7000
User-Agent: curl/7.81.0
Accept: */*
Content-Length: 9
Content-Type: application/x-www-form-urlencoded

test=data
[END REQUEST]
[DEBUG] Found end of headers at position 143
[DEBUG] Content-Length: 9
[DEBUG] Current body length: 9
[DEBUG] Got complete body
[DEBUG] Creating HTTPRequest...
[DEBUG] Read body: test=data
[DEBUG] Created HTTPRequest
[DEBUG] Method: POST
[DEBUG] URI: /
[DEBUG] Body: test=data
[DEBUG] Handling request for URI: /
[DEBUG] Method: POST
[DEBUG] Starting to read request...
Client disconnected
New client connected.
[DEBUG] Starting to read request...
[DEBUG] Received 184 bytes
[DEBUG] Current request:
POST /postallowed/ HTTP/1.1
Host: 127.0.0.1:7000
User-Agent: curl/7.81.0
Accept: */*
Content-Length: 24
Content-Type: application/x-www-form-urlencoded

message=Hello%20World%21
[END REQUEST]
[DEBUG] Found end of headers at position 156
[DEBUG] Content-Length: 24
[DEBUG] Current body length: 24
[DEBUG] Got complete body
[DEBUG] Creating HTTPRequest...
[DEBUG] Read body: message=Hello%20World%21
[DEBUG] Created HTTPRequest
[DEBUG] Method: POST
[DEBUG] URI: /postallowed/
[DEBUG] Body: message=Hello%20World%21
[DEBUG] Handling request for URI: /postallowed/
[DEBUG] Method: POST
[DEBUG] Location found: /postallowed/
[DEBUG] Root: ./
[DEBUG] Full path: ./postallowed/
[DEBUG] POST request body: message=Hello%20World%21
[DEBUG] Creating file at: ./postallowed/post_1739923459.txt
[DEBUG] Parent directory: ./postallowed
[DEBUG] Opening file for writing: ./postallowed/post_1739923459.txt
[DEBUG] File written successfully
[DEBUG] Starting to read request...
Client disconnected
New client connected.
[DEBUG] Starting to read request...
[DEBUG] Received 164 bytes
[DEBUG] Current request:
POST /cgi-bin/ HTTP/1.1
Host: 127.0.0.1:7000
User-Agent: curl/7.81.0
Accept: */*
Content-Length: 9
Content-Type: application/x-www-form-urlencoded

test=data
[END REQUEST]
[DEBUG] Found end of headers at position 151
[DEBUG] Content-Length: 9
[DEBUG] Current body length: 9
[DEBUG] Got complete body
[DEBUG] Creating HTTPRequest...
[DEBUG] Read body: test=data
[DEBUG] Created HTTPRequest
[DEBUG] Method: POST
[DEBUG] URI: /cgi-bin/
[DEBUG] Body: test=data
[DEBUG] Handling request for URI: /cgi-bin/
[DEBUG] Method: POST
[DEBUG] Starting to read request...
Client disconnected
New client connected.
[DEBUG] Starting to read request...
[DEBUG] Received 1023 bytes
[DEBUG] Current request:
POST /postallowed/ HTTP/1.1
Host: 127.0.0.1:7000
User-Agent: curl/7.81.0
Accept: */*
Content-Length: 1705
Content-Type: application/x-www-form-urlencoded

data=very_long_string very_long_string very_long_string very_long_string very_long_string very_long_string very_long_string very_long_string very_long_string very_long_string very_long_string very_long_string very_long_string very_long_string very_long_string very_long_string very_long_string very_long_string very_long_string very_long_string very_long_string very_long_string very_long_string very_long_string very_long_string very_long_string very_long_string very_long_string very_long_string very_long_string very_long_string very_long_string very_long_string very_long_string very_long_string very_long_string very_long_string very_long_string very_long_string very_long_string very_long_string very_long_string very_long_string very_long_string very_long_string very_long_string very_long_string very_long_string very_long_string very_long_string very_l
[END REQUEST]
[DEBUG] Found end of headers at position 158
[DEBUG] Content-Length: 1705
[DEBUG] Current body length: 861
[DEBUG] Received 844 bytes
[DEBUG] Current request:
POST /postallowed/ HTTP/1.1
Host: 127.0.0.1:7000
User-Agent: curl/7.81.0
Accept: */*
Content-Length: 1705
Content-Type: application/x-www-form-urlencoded

data=very_long_string very_long_string very_long_string very_long_string very_long_string very_long_string very_long_string very_long_string very_long_string very_long_string very_long_string very_long_string very_long_string very_long_string very_long_string very_long_string very_long_string very_long_string very_long_string very_long_string very_long_string very_long_string very_long_string very_long_string very_long_string very_long_string very_long_string very_long_string very_long_string very_long_string very_long_string very_long_string very_long_string very_long_string very_long_string very_long_string very_long_string very_long_string very_long_string very_long_string very_long_string very_long_string very_long_string very_long_string very_long_string very_long_string very_long_string very_long_string very_long_string very_long_string very_long_string very_long_string very_long_string very_long_string very_long_string very_long_string very_long_string very_long_string very_long_string very_long_string very_long_string very_long_string very_long_string very_long_string very_long_string very_long_string very_long_string very_long_string very_long_string very_long_string very_long_string very_long_string very_long_string very_long_string very_long_string very_long_string very_long_string very_long_string very_long_string very_long_string very_long_string very_long_string very_long_string very_long_string very_long_string very_long_string very_long_string very_long_string very_long_string very_long_string very_long_string very_long_string very_long_string very_long_string very_long_string very_long_string very_long_string very_long_string very_long_string very_long_string 
[END REQUEST]
[DEBUG] Found end of headers at position 158
[DEBUG] Content-Length: 1705
[DEBUG] Current body length: 1705
[DEBUG] Got complete body
[DEBUG] Creating HTTPRequest...
[DEBUG] Read body: data=very_long_string very_long_string very_long_string very_long_string very_long_string very_long_string very_long_string very_long_string very_long_string very_long_string very_long_string very_long_string very_long_string very_long_string very_long_string very_long_string very_long_string very_long_string very_long_string very_long_string very_long_string very_long_string very_long_string very_long_string very_long_string very_long_string very_long_string very_long_string very_long_string very_long_string very_long_string very_long_string very_long_string very_long_string very_long_string very_long_string very_long_string very_long_string very_long_string very_long_string very_long_string very_long_string very_long_string very_long_string very_long_string very_long_string very_long_string very_long_string very_long_string very_long_string very_long_string very_long_string very_long_string very_long_string very_long_string very_long_string very_long_string very_long_string very_long_string very_long_string very_long_string very_long_string very_long_string very_long_string very_long_string very_long_string very_long_string very_long_string very_long_string very_long_string very_long_string very_long_string very_long_string very_long_string very_long_string very_long_string very_long_string very_long_string very_long_string very_long_string very_long_string very_long_string very_long_string very_long_string very_long_string very_long_string very_long_string very_long_string very_long_string very_long_string very_long_string very_long_string very_long_string very_long_string very_long_string very_long_string very_long_string very_long_string very_long_string very_long_string 
[DEBUG] Created HTTPRequest
[DEBUG] Method: POST
[DEBUG] URI: /postallowed/
[DEBUG] Body: data=very_long_string very_long_string very_long_string very_long_string very_long_string very_long_string very_long_string very_long_string very_long_string very_long_string very_long_string very_long_string very_long_string very_long_string very_long_string very_long_string very_long_string very_long_string very_long_string very_long_string very_long_string very_long_string very_long_string very_long_string very_long_string very_long_string very_long_string very_long_string very_long_string very_long_string very_long_string very_long_string very_long_string very_long_string very_long_string very_long_string very_long_string very_long_string very_long_string very_long_string very_long_string very_long_string very_long_string very_long_string very_long_string very_long_string very_long_string very_long_string very_long_string very_long_string very_long_string very_long_string very_long_string very_long_string very_long_string very_long_string very_long_string very_long_string very_long_string very_long_string very_long_string very_long_string very_long_string very_long_string very_long_string very_long_string very_long_string very_long_string very_long_string very_long_string very_long_string very_long_string very_long_string very_long_string very_long_string very_long_string very_long_string very_long_string very_long_string very_long_string very_long_string very_long_string very_long_string very_long_string very_long_string very_long_string very_long_string very_long_string very_long_string very_long_string very_long_string very_long_string very_long_string very_long_string very_long_string very_long_string very_long_string very_long_string very_long_string very_long_string 
[DEBUG] Handling request for URI: /postallowed/
[DEBUG] Method: POST
[DEBUG] Location found: /postallowed/
[DEBUG] Root: ./
[DEBUG] Full path: ./postallowed/
[DEBUG] POST request body: data=very_long_string very_long_string very_long_string very_long_string very_long_string very_long_string very_long_string very_long_string very_long_string very_long_string very_long_string very_long_string very_long_string very_long_string very_long_string very_long_string very_long_string very_long_string very_long_string very_long_string very_long_string very_long_string very_long_string very_long_string very_long_string very_long_string very_long_string very_long_string very_long_string very_long_string very_long_string very_long_string very_long_string very_long_string very_long_string very_long_string very_long_string very_long_string very_long_string very_long_string very_long_string very_long_string very_long_string very_long_string very_long_string very_long_string very_long_string very_long_string very_long_string very_long_string very_long_string very_long_string very_long_string very_long_string very_long_string very_long_string very_long_string very_long_string very_long_string very_long_string very_long_string very_long_string very_long_string very_long_string very_long_string very_long_string very_long_string very_long_string very_long_string very_long_string very_long_string very_long_string very_long_string very_long_string very_long_string very_long_string very_long_string very_long_string very_long_string very_long_string very_long_string very_long_string very_long_string very_long_string very_long_string very_long_string very_long_string very_long_string very_long_string very_long_string very_long_string very_long_string very_long_string very_long_string very_long_string very_long_string very_long_string very_long_string very_long_string very_long_string 
[DEBUG] Creating file at: ./postallowed/post_1739923472.txt
[DEBUG] Parent directory: ./postallowed
[DEBUG] Opening file for writing: ./postallowed/post_1739923472.txt
[DEBUG] File written successfully
[DEBUG] Starting to read request...
Client disconnected
New client connected.
[DEBUG] Starting to read request...
[DEBUG] Received 184 bytes
[DEBUG] Current request:
POST /postallowed/ HTTP/1.1
Host: 127.0.0.1:7000
User-Agent: curl/7.81.0
Accept: */*
Content-Length: 24
Content-Type: application/x-www-form-urlencoded

message=Bonjour là 🌟
[END REQUEST]
[DEBUG] Found end of headers at position 156
[DEBUG] Content-Length: 24
[DEBUG] Current body length: 24
[DEBUG] Got complete body
[DEBUG] Creating HTTPRequest...
[DEBUG] Read body: message=Bonjour là 🌟
[DEBUG] Created HTTPRequest
[DEBUG] Method: POST
[DEBUG] URI: /postallowed/
[DEBUG] Body: message=Bonjour là 🌟
[DEBUG] Handling request for URI: /postallowed/
[DEBUG] Method: POST
[DEBUG] Location found: /postallowed/
[DEBUG] Root: ./
[DEBUG] Full path: ./postallowed/
[DEBUG] POST request body: message=Bonjour là 🌟
[DEBUG] Creating file at: ./postallowed/post_1739923478.txt
[DEBUG] Parent directory: ./postallowed
[DEBUG] Opening file for writing: ./postallowed/post_1739923478.txt
[DEBUG] File written successfully
[DEBUG] Starting to read request...
Client disconnected
